{"C:\\Users\\Nico\\OneDrive\\Bureau\\Cresh_Backend_Engineering_Technical_Tests\\cresh-tech-test-backend-ts\\src\\core\\__test__\\adapters\\inMemory\\InMemoryInstalmentRepository.ts": {"path":"C:\\Users\\Nico\\OneDrive\\Bureau\\Cresh_Backend_Engineering_Technical_Tests\\cresh-tech-test-backend-ts\\src\\core\\__test__\\adapters\\inMemory\\InMemoryInstalmentRepository.ts","statementMap":{"0":{"start":{"line":6,"column":33},"end":{"line":6,"column":72}},"1":{"start":{"line":9,"column":39},"end":{"line":9,"column":66}},"2":{"start":{"line":10,"column":8},"end":{"line":10,"column":26}},"3":{"start":{"line":14,"column":43},"end":{"line":14,"column":45}},"4":{"start":{"line":15,"column":8},"end":{"line":19,"column":null}},"5":{"start":{"line":16,"column":12},"end":{"line":18,"column":null}},"6":{"start":{"line":17,"column":16},"end":{"line":17,"column":47}},"7":{"start":{"line":20,"column":8},"end":{"line":20,"column":28}},"8":{"start":{"line":24,"column":8},"end":{"line":24,"column":65}},"9":{"start":{"line":25,"column":8},"end":{"line":25,"column":26}},"10":{"start":{"line":29,"column":8},"end":{"line":29,"column":null}},"11":{"start":{"line":4,"column":0},"end":{"line":4,"column":13}}},"fnMap":{"0":{"name":"(anonymous_0)","decl":{"start":{"line":6,"column":4},"end":{"line":6,"column":33}},"loc":{"start":{"line":6,"column":72},"end":{"line":6,"column":75}}},"1":{"name":"(anonymous_1)","decl":{"start":{"line":8,"column":4},"end":{"line":8,"column":9}},"loc":{"start":{"line":8,"column":28},"end":{"line":11,"column":5}}},"2":{"name":"(anonymous_2)","decl":{"start":{"line":13,"column":4},"end":{"line":13,"column":9}},"loc":{"start":{"line":13,"column":42},"end":{"line":21,"column":5}}},"3":{"name":"(anonymous_3)","decl":{"start":{"line":23,"column":4},"end":{"line":23,"column":9}},"loc":{"start":{"line":23,"column":37},"end":{"line":26,"column":5}}},"4":{"name":"(anonymous_4)","decl":{"start":{"line":28,"column":4},"end":{"line":28,"column":9}},"loc":{"start":{"line":28,"column":16},"end":{"line":30,"column":5}}}},"branchMap":{"0":{"loc":{"start":{"line":16,"column":12},"end":{"line":18,"column":null}},"type":"if","locations":[{"start":{"line":16,"column":12},"end":{"line":18,"column":null}}]}},"s":{"0":1,"1":2,"2":2,"3":0,"4":0,"5":0,"6":0,"7":0,"8":2,"9":2,"10":0,"11":1},"f":{"0":1,"1":2,"2":0,"3":2,"4":0},"b":{"0":[0]}}
,"C:\\Users\\Nico\\OneDrive\\Bureau\\Cresh_Backend_Engineering_Technical_Tests\\cresh-tech-test-backend-ts\\src\\core\\domain\\entities\\Instalment.ts": {"path":"C:\\Users\\Nico\\OneDrive\\Bureau\\Cresh_Backend_Engineering_Technical_Tests\\cresh-tech-test-backend-ts\\src\\core\\domain\\entities\\Instalment.ts","statementMap":{"0":{"start":{"line":1,"column":0},"end":{"line":1,"column":26}},"1":{"start":{"line":16,"column":8},"end":{"line":16,"column":null}},"2":{"start":{"line":27,"column":8},"end":{"line":34,"column":null}},"3":{"start":{"line":38,"column":8},"end":{"line":38,"column":34}},"4":{"start":{"line":12,"column":0},"end":{"line":12,"column":13}}},"fnMap":{"0":{"name":"(anonymous_0)","decl":{"start":{"line":15,"column":4},"end":{"line":15,"column":16}},"loc":{"start":{"line":15,"column":38},"end":{"line":17,"column":5}}},"1":{"name":"(anonymous_1)","decl":{"start":{"line":19,"column":4},"end":{"line":19,"column":10}},"loc":{"start":{"line":25,"column":5},"end":{"line":35,"column":5}}},"2":{"name":"(anonymous_2)","decl":{"start":{"line":37,"column":4},"end":{"line":37,"column":21}},"loc":{"start":{"line":37,"column":21},"end":{"line":39,"column":5}}}},"branchMap":{},"s":{"0":1,"1":1,"2":1,"3":1,"4":1},"f":{"0":1,"1":1,"2":1},"b":{}}
,"C:\\Users\\Nico\\OneDrive\\Bureau\\Cresh_Backend_Engineering_Technical_Tests\\cresh-tech-test-backend-ts\\src\\core\\usecase\\instalment\\TriggerInstalment.ts": {"path":"C:\\Users\\Nico\\OneDrive\\Bureau\\Cresh_Backend_Engineering_Technical_Tests\\cresh-tech-test-backend-ts\\src\\core\\usecase\\instalment\\TriggerInstalment.ts","statementMap":{"0":{"start":{"line":7,"column":33},"end":{"line":7,"column":76}},"1":{"start":{"line":10,"column":39},"end":{"line":10,"column":93}},"2":{"start":{"line":11,"column":8},"end":{"line":11,"column":39}},"3":{"start":{"line":12,"column":8},"end":{"line":12,"column":58}},"4":{"start":{"line":13,"column":8},"end":{"line":13,"column":15}},"5":{"start":{"line":5,"column":0},"end":{"line":5,"column":13}}},"fnMap":{"0":{"name":"(anonymous_0)","decl":{"start":{"line":7,"column":4},"end":{"line":7,"column":33}},"loc":{"start":{"line":7,"column":76},"end":{"line":7,"column":79}}},"1":{"name":"(anonymous_1)","decl":{"start":{"line":9,"column":4},"end":{"line":9,"column":9}},"loc":{"start":{"line":9,"column":38},"end":{"line":14,"column":5}}}},"branchMap":{},"s":{"0":1,"1":1,"2":1,"3":1,"4":1,"5":1},"f":{"0":1,"1":1},"b":{}}
}
